#
# There is insufficient memory for the Java Runtime Environment to continue.
# Native memory allocation (mmap) failed to map 266338304 bytes for G1 virtual space
# Possible reasons:
#   The system is out of physical RAM or swap space
#   The process is running with CompressedOops enabled, and the Java Heap may be blocking the growth of the native heap
# Possible solutions:
#   Reduce memory load on the system
#   Increase physical memory or swap space
#   Check if swap backing store is full
#   Decrease Java heap size (-Xmx/-Xms)
#   Decrease number of Java threads
#   Decrease Java thread stack sizes (-Xss)
#   Set larger code cache with -XX:ReservedCodeCacheSize=
#   JVM is running with Zero Based Compressed Oops mode in which the Java heap is
#     placed in the first 32GB address space. The Java Heap base address is the
#     maximum limit for the native heap growth. Please use -XX:HeapBaseMinAddress
#     to set the Java Heap base and to place the Java Heap above 32GB virtual address.
# This output file may be truncated or incomplete.
#
#  Out of Memory Error (os_windows.cpp:3747), pid=12796, tid=13804
#
# JRE version:  (17.0.3+7) (build )
# Java VM: OpenJDK 64-Bit Server VM (17.0.3+7-b469.32, mixed mode, sharing, tiered, compressed oops, compressed class ptrs, g1 gc, windows-amd64)
# No core dump will be written. Minidumps are not enabled by default on client versions of Windows
#

---------------  S U M M A R Y ------------

Command Line: git4idea.http.GitAskPassApp Username for 'https://github.com': 

Host: Intel(R) Core(TM) i5-6500 CPU @ 3.20GHz, 4 cores, 15G,  Windows 10 , 64 bit Build 19041 (10.0.19041.1202)
Time: Thu Nov 23 14:39:03 2023 Egypt Standard Time elapsed time: 0.082018 seconds (0d 0h 0m 0s)

---------------  T H R E A D  ---------------

Current thread (0x000002465d87f9d0):  JavaThread "Unknown thread" [_thread_in_vm, id=13804, stack(0x0000005affc00000,0x0000005affd00000)]

Stack: [0x0000005affc00000,0x0000005affd00000]
Native frames: (J=compiled Java code, j=interpreted, Vv=VM code, C=native code)
V  [jvm.dll+0x681f8a]
V  [jvm.dll+0x83e374]
V  [jvm.dll+0x83fb1e]
V  [jvm.dll+0x840183]
V  [jvm.dll+0x2492a5]
V  [jvm.dll+0x67ee59]
V  [jvm.dll+0x67355a]
V  [jvm.dll+0x308fab]
V  [jvm.dll+0x310466]
V  [jvm.dll+0x3601de]
V  [jvm.dll+0x36040f]
V  [jvm.dll+0x2df098]
V  [jvm.dll+0x2e0004]
V  [jvm.dll+0x80fc61]
V  [jvm.dll+0x36df61]
V  [jvm.dll+0x7ef17c]
V  [jvm.dll+0x3f10ef]
V  [jvm.dll+0x3f2c31]
C  [jli.dll+0x526b]
C  [ucrtbase.dll+0x21bb2]
C  [KERNEL32.DLL+0x17034]
C  [ntdll.dll+0x52651]


---------------  P R O C E S S  ---------------

Threads class SMR info:
_java_thread_list=0x00007ffaaab96f18, length=0, elements={
}

Java Threads: ( => current thread )

Other Threads:
  0x000002465d8ebb70 GCTaskThread "GC Thread#0" [stack: 0x0000005affe00000,0x0000005afff00000] [id=8380]
  0x000002465d8fc840 ConcurrentGCThread "G1 Main Marker" [stack: 0x0000005afff00000,0x0000005b00000000] [id=7320]
  0x000002465d8fd250 ConcurrentGCThread "G1 Conc#0" [stack: 0x0000005a80000000,0x0000005a80100000] [id=9444]

[error occurred during error reporting (printing all threads), id 0xc0000005, EXCEPTION_ACCESS_VIOLATION (0xc0000005) at pc=0x00007ffaaa34fc57]

VM state: not at safepoint (not fully initialized)

VM Mutex/Monitor currently owned by a thread:  ([mutex/lock_event])
[0x000002465d87a390] Heap_lock - owner thread: 0x000002465d87f9d0

Heap address: 0x0000000702600000, size: 4058 MB, Compressed Oops mode: Zero based, Oop shift amount: 3

CDS archive(s) mapped at: [0x0000000000000000-0x0000000000000000-0x0000000000000000), size 0, SharedBaseAddress: 0x0000000800000000, ArchiveRelocationMode: 0.
Narrow klass base: 0x0000000000000000, Narrow klass shift: 0, Narrow klass range: 0x0

GC Precious Log:
<Empty>

Heap:
 garbage-first heap   total 0K, used 0K [0x0000000702600000, 0x0000000800000000)
  region size 2048K, 0 young (0K), 0 survivors (0K)

[error occurred during error reporting (printing heap information), id 0xc0000005, EXCEPTION_ACCESS_VIOLATION (0xc0000005) at pc=0x00007ffaaa73bbd9]

GC Heap History (0 events):
No events

Deoptimization events (0 events):
No events

Classes unloaded (0 events):
No events

Classes redefined (0 events):
No events

Internal exceptions (0 events):
No events

VM Operations (0 events):
No events

Events (1 events):
Event: 0.024 Loaded shared library E:\Program Files\JetBrains\PhpStorm 2022.2\jbr\bin\java.dll


Dynamic libraries:
0x00007ff7c3c70000 - 0x00007ff7c3c7a000 	E:\Program Files\JetBrains\PhpStorm 2022.2\jbr\bin\java.exe
0x00007ffb35db0000 - 0x00007ffb35fa5000 	C:\Windows\SYSTEM32\ntdll.dll
0x00007ffb34b30000 - 0x00007ffb34bee000 	C:\Windows\System32\KERNEL32.DLL
0x00007ffb33880000 - 0x00007ffb33b49000 	C:\Windows\System32\KERNELBASE.dll
0x00007ffb33b80000 - 0x00007ffb33c80000 	C:\Windows\System32\ucrtbase.dll
0x00007ffb017b0000 - 0x00007ffb017c7000 	E:\Program Files\JetBrains\PhpStorm 2022.2\jbr\bin\jli.dll
0x00007ffb34c20000 - 0x00007ffb34dc1000 	C:\Windows\System32\USER32.dll
0x00007ffb33b50000 - 0x00007ffb33b72000 	C:\Windows\System32\win32u.dll
0x00007ffb34250000 - 0x00007ffb3427b000 	C:\Windows\System32\GDI32.dll
0x00007ffb33660000 - 0x00007ffb3376b000 	C:\Windows\System32\gdi32full.dll
0x00007ffb33c80000 - 0x00007ffb33d1d000 	C:\Windows\System32\msvcp_win.dll
0x00007ffafe180000 - 0x00007ffafe19b000 	E:\Program Files\JetBrains\PhpStorm 2022.2\jbr\bin\VCRUNTIME140.dll
0x00007ffb210d0000 - 0x00007ffb2136a000 	C:\Windows\WinSxS\amd64_microsoft.windows.common-controls_6595b64144ccf1df_6.0.19041.1110_none_60b5254171f9507e\COMCTL32.dll
0x00007ffb35cd0000 - 0x00007ffb35d6e000 	C:\Windows\System32\msvcrt.dll
0x00007ffb34de0000 - 0x00007ffb34e10000 	C:\Windows\System32\IMM32.DLL
0x00007ffb30d50000 - 0x00007ffb30d5c000 	E:\Program Files\JetBrains\PhpStorm 2022.2\jbr\bin\vcruntime140_1.dll
0x00007ffada1d0000 - 0x00007ffada25d000 	E:\Program Files\JetBrains\PhpStorm 2022.2\jbr\bin\msvcp140.dll
0x00007ffaaa060000 - 0x00007ffaaacc8000 	E:\Program Files\JetBrains\PhpStorm 2022.2\jbr\bin\server\jvm.dll
0x00007ffb34ec0000 - 0x00007ffb34f6c000 	C:\Windows\System32\ADVAPI32.dll
0x00007ffb35110000 - 0x00007ffb351ab000 	C:\Windows\System32\sechost.dll
0x00007ffb34030000 - 0x00007ffb3415a000 	C:\Windows\System32\RPCRT4.dll
0x00007ffb34f70000 - 0x00007ffb34f78000 	C:\Windows\System32\PSAPI.DLL
0x00007ffb19240000 - 0x00007ffb19249000 	C:\Windows\SYSTEM32\WSOCK32.dll
0x00007ffb34160000 - 0x00007ffb341cb000 	C:\Windows\System32\WS2_32.dll
0x00007ffb21370000 - 0x00007ffb21397000 	C:\Windows\SYSTEM32\WINMM.dll
0x00007ffb2e690000 - 0x00007ffb2e69a000 	C:\Windows\SYSTEM32\VERSION.dll
0x00007ffb313e0000 - 0x00007ffb313f2000 	C:\Windows\SYSTEM32\kernel.appcore.dll
0x00007ffb30c80000 - 0x00007ffb30c8a000 	E:\Program Files\JetBrains\PhpStorm 2022.2\jbr\bin\jimage.dll
0x00007ffb18de0000 - 0x00007ffb18fc4000 	C:\Windows\SYSTEM32\DBGHELP.DLL
0x00007ffb18bd0000 - 0x00007ffb18bfc000 	C:\Windows\SYSTEM32\dbgcore.DLL
0x00007ffb33d70000 - 0x00007ffb33df3000 	C:\Windows\System32\bcryptPrimitives.dll
0x00007ffb1ef60000 - 0x00007ffb1ef85000 	E:\Program Files\JetBrains\PhpStorm 2022.2\jbr\bin\java.dll

dbghelp: loaded successfully - version: 4.0.5 - missing functions: none
symbol engine: initialized successfully - sym options: 0x614 - pdb path: .;E:\Program Files\JetBrains\PhpStorm 2022.2\jbr\bin;C:\Windows\SYSTEM32;C:\Windows\WinSxS\amd64_microsoft.windows.common-controls_6595b64144ccf1df_6.0.19041.1110_none_60b5254171f9507e;E:\Program Files\JetBrains\PhpStorm 2022.2\jbr\bin\server

VM Arguments:
java_command: git4idea.http.GitAskPassApp Username for 'https://github.com': 
java_class_path (initial): E:/Program Files/JetBrains/PhpStorm 2022.2/plugins/git4idea/lib/git4idea-rt.jar;E:/Program Files/JetBrains/PhpStorm 2022.2/lib/externalProcess-rt.jar;E:/Program Files/JetBrains/PhpStorm 2022.2/lib/app.jar;E:/Program Files/JetBrains/PhpStorm 2022.2/lib/3rd-party-rt.jar
Launcher Type: SUN_STANDARD

[Global flags]
     intx CICompilerCount                          = 3                                         {product} {ergonomic}
     uint ConcGCThreads                            = 1                                         {product} {ergonomic}
     uint G1ConcRefinementThreads                  = 4                                         {product} {ergonomic}
   size_t G1HeapRegionSize                         = 2097152                                   {product} {ergonomic}
    uintx GCDrainStackTargetSize                   = 64                                        {product} {ergonomic}
   size_t InitialHeapSize                          = 266338304                                 {product} {ergonomic}
   size_t MarkStackSize                            = 4194304                                   {product} {ergonomic}
   size_t MaxHeapSize                              = 4255121408                                {product} {ergonomic}
   size_t MinHeapDeltaBytes                        = 2097152                                   {product} {ergonomic}
   size_t MinHeapSize                              = 8388608                                   {product} {ergonomic}
    uintx NonNMethodCodeHeapSize                   = 5832780                                {pd product} {ergonomic}
    uintx NonProfiledCodeHeapSize                  = 122912730                              {pd product} {ergonomic}
    uintx ProfiledCodeHeapSize                     = 122912730                              {pd product} {ergonomic}
    uintx ReservedCodeCacheSize                    = 251658240                              {pd product} {ergonomic}
     bool SegmentedCodeCache                       = true                                      {product} {ergonomic}
   size_t SoftMaxHeapSize                          = 4255121408                             {manageable} {ergonomic}
     bool UseCompressedClassPointers               = true                           {product lp64_product} {ergonomic}
     bool UseCompressedOops                        = true                           {product lp64_product} {ergonomic}
     bool UseG1GC                                  = true                                      {product} {ergonomic}
     bool UseLargePagesIndividualAllocation        = false                                  {pd product} {ergonomic}

Logging:
Log output configuration:
 #0: stdout all=warning uptime,level,tags
 #1: stderr all=off uptime,level,tags

Environment Variables:
JAVA_HOME=E:\Program Files\Java\jdk-13.0.2
PATH=E:\Program Files\Git\mingw64\libexec\git-core;E:\Program Files\Git\mingw64\libexec\git-core;E:\Program Files\Git\mingw64\bin;E:\Program Files\Git\usr\bin;C:\Users\HP\bin;E:\app\HP\product\21c\dbhomeXE\bin;C:\Program Files (x86)\Common Files\Oracle\Java\javapath;C:\Program Files\ImageMagick-7.1.1-Q16-HDRI;C:\Windows\system32;C:\Windows;C:\Windows\System32\Wbem;C:\Windows\System32\WindowsPowerShell\v1.0;C:\Windows\System32\OpenSSH;C:\Program Files (x86)\NVIDIA Corporation\PhysX\Common;C:\Program Files\NVIDIA Corporation\NVIDIA NvDLISR;E:\Program Files\Git\cmd;C:\Program Files (x86)\Intel\Intel(R) Management Engine Components\DAL;C:\Program Files\Intel\Intel(R) Management Engine Components\DAL;C:\Users\HP\AppData\Local\Programs\Python\Python311\Lib\site-packages\pip;E:\Program Files\nodejs;C:\Program Files\dotnet;C:\Program Files\Microsoft SQL Server\150\Tools\Binn;C:\Program Files\Microsoft SQL Server\Client SDK\ODBC\170\Tools\Binn;E:\xampp\php;C:\composer;%USERPROFILE%\AppData\Local\Microsoft\WindowsApps;E:\Program Files\Microsoft VS Code\bin;E:\Program Files\flutter\bin;C:\Users\HP\AppData\Local\Programs\Python\Python311\Lib\site-packages\pip;C:\Users\HP\AppData\Local\Pub\Cache\bin;C:\Users\HP\AppData\Roaming\npm;%USERPROFILE%\.dotnet\tools;C:\Users\HP\AppData\Roaming\Composer\vendor\bin;E:\UnLockCatch\tools\vcruntime
USERNAME=HP
DISPLAY=:0.0
LC_ALL=en_US.UTF-8
OS=Windows_NT
PROCESSOR_IDENTIFIER=Intel64 Family 6 Model 94 Stepping 3, GenuineIntel



---------------  S Y S T E M  ---------------

OS:
 Windows 10 , 64 bit Build 19041 (10.0.19041.1202)
OS uptime: 12 days 23:22 hours

CPU: total 4 (initial active 4) (4 cores per cpu, 1 threads per core) family 6 model 94 stepping 3 microcode 0xcc, cx8, cmov, fxsr, mmx, 3dnowpref, sse, sse2, sse3, ssse3, sse4.1, sse4.2, popcnt, lzcnt, tsc, tscinvbit, avx, avx2, aes, erms, clmul, bmi1, bmi2, rtm, adx, fma, vzeroupper, clflush, clflushopt

Memory: 4k page, system-wide physical 16228M (1261M free)
TotalPageFile size 25667M (AvailPageFile size 281M)
current process WorkingSet (physical memory assigned to process): 10M, peak: 10M
current process commit charge ("private bytes"): 51M, peak: 305M

vm_info: OpenJDK 64-Bit Server VM (17.0.3+7-b469.32) for windows-amd64 JRE (17.0.3+7-b469.32), built on 2022-07-19 by "builduser" with MS VC++ 16.10 / 16.11 (VS2019)

END.
